# JRE version: Java(TM) SE Runtime Environment (8.0_281-b09) (build 1.8.0_281-b09)
# Java VM: Java HotSpot(TM) 64-Bit Server VM (25.281-b09 mixed mode windows-amd64 compressed oops)
Heap:
 PSYoungGen      total 283136K, used 193760K [0x0000000781200000, 0x0000000795a80000, 0x00000007c0000000)
  eden space 273920K, 67% used [0x0000000781200000,0x000000078c63fd20,0x0000000791d80000)
  from space 9216K, 99% used [0x0000000795180000,0x0000000795a78340,0x0000000795a80000)
  to   space 12800K, 0% used [0x0000000794180000,0x0000000794180000,0x0000000794e00000)
 ParOldGen       total 72704K, used 15164K [0x0000000703600000, 0x0000000707d00000, 0x0000000781200000)
  object space 72704K, 20% used [0x0000000703600000,0x00000007044cf250,0x0000000707d00000)
 Metaspace       used 29074K, capacity 30616K, committed 30792K, reserved 1075200K
  class space    used 3837K, capacity 4125K, committed 4224K, reserved 1048576K
GC Heap History (10 events):
Event: 111.367 GC heap before
{Heap before GC invocations=11 (full 1):
 PSYoungGen      total 275968K, used 272010K [0x0000000781200000, 0x0000000797180000, 0x00000007c0000000)
  eden space 261120K, 100% used [0x0000000781200000,0x0000000791100000,0x0000000791100000)
  from space 14848K, 73% used [0x0000000791100000,0x0000000791ba2be8,0x0000000791f80000)
  to   space 14336K, 0% used [0x0000000796380000,0x0000000796380000,0x0000000797180000)
 ParOldGen       total 72704K, used 14500K [0x0000000703600000, 0x0000000707d00000, 0x0000000781200000)
  object space 72704K, 19% used [0x0000000703600000,0x0000000704429378,0x0000000707d00000)
 Metaspace       used 27958K, capacity 29438K, committed 29640K, reserved 1075200K
  class space    used 3773K, capacity 4044K, committed 4096K, reserved 1048576K
Event: 111.372 GC heap after
Heap after GC invocations=11 (full 1):
 PSYoungGen      total 333312K, used 8880K [0x0000000781200000, 0x0000000796c80000, 0x00000007c0000000)
  eden space 324096K, 0% used [0x0000000781200000,0x0000000781200000,0x0000000794e80000)
  from space 9216K, 96% used [0x0000000796380000,0x0000000796c2c370,0x0000000796c80000)
  to   space 14336K, 0% used [0x0000000795080000,0x0000000795080000,0x0000000795e80000)
 ParOldGen       total 72704K, used 14508K [0x0000000703600000, 0x0000000707d00000, 0x0000000781200000)
  object space 72704K, 19% used [0x0000000703600000,0x000000070442b378,0x0000000707d00000)
 Metaspace       used 27958K, capacity 29438K, committed 29640K, reserved 1075200K
  class space    used 3773K, capacity 4044K, committed 4096K, reserved 1048576K
}
Event: 213.201 GC heap before
{Heap before GC invocations=12 (full 1):
 PSYoungGen      total 333312K, used 332879K [0x0000000781200000, 0x0000000796c80000, 0x00000007c0000000)
  eden space 324096K, 99% used [0x0000000781200000,0x0000000794e679f0,0x0000000794e80000)
  from space 9216K, 96% used [0x0000000796380000,0x0000000796c2c370,0x0000000796c80000)
  to   space 14336K, 0% used [0x0000000795080000,0x0000000795080000,0x0000000795e80000)
 ParOldGen       total 72704K, used 14700K [0x0000000703600000, 0x0000000707d00000, 0x0000000781200000)
  object space 72704K, 20% used [0x0000000703600000,0x000000070445b388,0x0000000707d00000)
 Metaspace       used 28083K, capacity 29566K, committed 29640K, reserved 1075200K
  class space    used 3773K, capacity 4044K, committed 4096K, reserved 1048576K
Event: 213.205 GC heap after
Heap after GC invocations=12 (full 1):
 PSYoungGen      total 320512K, used 9472K [0x0000000781200000, 0x0000000796400000, 0x00000007c0000000)
  eden space 310784K, 0% used [0x0000000781200000,0x0000000781200000,0x0000000794180000)
  from space 9728K, 97% used [0x0000000795080000,0x00000007959c03e0,0x0000000795a00000)
  to   space 10240K, 0% used [0x0000000795a00000,0x0000000795a00000,0x0000000796400000)
 ParOldGen       total 72704K, used 14708K [0x0000000703600000, 0x0000000707d00000, 0x0000000781200000)
  object space 72704K, 20% used [0x0000000703600000,0x000000070445d388,0x0000000707d00000)
 Metaspace       used 28083K, capacity 29566K, committed 29640K, reserved 1075200K
  class space    used 3773K, capacity 4044K, committed 4096K, reserved 1048576K
}
Event: 273.745 GC heap before
{Heap before GC invocations=13 (full 1):
 PSYoungGen      total 320512K, used 320256K [0x0000000781200000, 0x0000000796400000, 0x00000007c0000000)
  eden space 310784K, 100% used [0x0000000781200000,0x0000000794180000,0x0000000794180000)
  from space 9728K, 97% used [0x0000000795080000,0x00000007959c03e0,0x0000000795a00000)
  to   space 10240K, 0% used [0x0000000795a00000,0x0000000795a00000,0x0000000796400000)
 ParOldGen       total 72704K, used 14712K [0x0000000703600000, 0x0000000707d00000, 0x0000000781200000)
  object space 72704K, 20% used [0x0000000703600000,0x000000070445e210,0x0000000707d00000)
 Metaspace       used 28129K, capacity 29630K, committed 29896K, reserved 1075200K
  class space    used 3773K, capacity 4044K, committed 4096K, reserved 1048576K
Event: 273.753 GC heap after
Heap after GC invocations=13 (full 1):
 PSYoungGen      total 307712K, used 9408K [0x0000000781200000, 0x0000000796380000, 0x00000007c0000000)
  eden space 297984K, 0% used [0x0000000781200000,0x0000000781200000,0x0000000793500000)
  from space 9728K, 96% used [0x0000000795a00000,0x00000007963303a0,0x0000000796380000)
  to   space 13824K, 0% used [0x0000000794880000,0x0000000794880000,0x0000000795600000)
 ParOldGen       total 72704K, used 14720K [0x0000000703600000, 0x0000000707d00000, 0x0000000781200000)
  object space 72704K, 20% used [0x0000000703600000,0x0000000704460210,0x0000000707d00000)
 Metaspace       used 28129K, capacity 29630K, committed 29896K, reserved 1075200K
  class space    used 3773K, capacity 4044K, committed 4096K, reserved 1048576K
}
Event: 325.674 GC heap before
{Heap before GC invocations=14 (full 1):
 PSYoungGen      total 307712K, used 307392K [0x0000000781200000, 0x0000000796380000, 0x00000007c0000000)
  eden space 297984K, 100% used [0x0000000781200000,0x0000000793500000,0x0000000793500000)
  from space 9728K, 96% used [0x0000000795a00000,0x00000007963303a0,0x0000000796380000)
  to   space 13824K, 0% used [0x0000000794880000,0x0000000794880000,0x0000000795600000)
 ParOldGen       total 72704K, used 14720K [0x0000000703600000, 0x0000000707d00000, 0x0000000781200000)
  object space 72704K, 20% used [0x0000000703600000,0x0000000704460210,0x0000000707d00000)
 Metaspace       used 28180K, capacity 29630K, committed 29896K, reserved 1075200K
  class space    used 3773K, capacity 4044K, committed 4096K, reserved 1048576K
Event: 325.679 GC heap after
Heap after GC invocations=14 (full 1):
 PSYoungGen      total 294912K, used 9128K [0x0000000781200000, 0x0000000795a80000, 0x00000007c0000000)
  eden space 285696K, 0% used [0x0000000781200000,0x0000000781200000,0x0000000792900000)
  from space 9216K, 99% used [0x0000000794880000,0x000000079516a328,0x0000000795180000)
  to   space 9216K, 0% used [0x0000000795180000,0x0000000795180000,0x0000000795a80000)
 ParOldGen       total 72704K, used 14728K [0x0000000703600000, 0x0000000707d00000, 0x0000000781200000)
  object space 72704K, 20% used [0x0000000703600000,0x0000000704462210,0x0000000707d00000)
 Metaspace       used 28180K, capacity 29630K, committed 29896K, reserved 1075200K
  class space    used 3773K, capacity 4044K, committed 4096K, reserved 1048576K
}
Event: 369.425 GC heap before
{Heap before GC invocations=15 (full 1):
 PSYoungGen      total 294912K, used 294824K [0x0000000781200000, 0x0000000795a80000, 0x00000007c0000000)
  eden space 285696K, 100% used [0x0000000781200000,0x0000000792900000,0x0000000792900000)
  from space 9216K, 99% used [0x0000000794880000,0x000000079516a328,0x0000000795180000)
  to   space 9216K, 0% used [0x0000000795180000,0x0000000795180000,0x0000000795a80000)
 ParOldGen       total 72704K, used 14728K [0x0000000703600000, 0x0000000707d00000, 0x0000000781200000)
  object space 72704K, 20% used [0x0000000703600000,0x0000000704462210,0x0000000707d00000)
 Metaspace       used 28235K, capacity 29694K, committed 29896K, reserved 1075200K
  class space    used 3773K, capacity 4044K, committed 4096K, reserved 1048576K
Event: 369.430 GC heap after
Heap after GC invocations=15 (full 1):
 PSYoungGen      total 283136K, used 9184K [0x0000000781200000, 0x0000000795a80000, 0x00000007c0000000)
  eden space 273920K, 0% used [0x0000000781200000,0x0000000781200000,0x0000000791d80000)
  from space 9216K, 99% used [0x0000000795180000,0x0000000795a78340,0x0000000795a80000)
  to   space 12800K, 0% used [0x0000000794180000,0x0000000794180000,0x0000000794e00000)
 ParOldGen       total 72704K, used 15164K [0x0000000703600000, 0x0000000707d00000, 0x0000000781200000)
  object space 72704K, 20% used [0x0000000703600000,0x00000007044cf250,0x0000000707d00000)
 Metaspace       used 28235K, capacity 29694K, committed 29896K, reserved 1075200K
  class space    used 3773K, capacity 4044K, committed 4096K, reserved 1048576K
}

